# JRE version: OpenJDK Runtime Environment (7.0_79-b14) (build 1.7.0_79-b14)
# Java VM: OpenJDK 64-Bit Server VM (24.79-b02 mixed mode linux-amd64 compressed oops)
Heap
 PSYoungGen      total 150016K, used 6720K [0x00000000eb700000, 0x00000000f5880000, 0x0000000100000000)
  eden space 134656K, 0% used [0x00000000eb700000,0x00000000eb700000,0x00000000f3a80000)
  from space 15360K, 43% used [0x00000000f3a80000,0x00000000f4110020,0x00000000f4980000)
  to   space 10752K, 0% used [0x00000000f4e00000,0x00000000f4e00000,0x00000000f5880000)
 ParOldGen       total 65024K, used 35049K [0x00000000c2600000, 0x00000000c6580000, 0x00000000eb700000)
  object space 65024K, 53% used [0x00000000c2600000,0x00000000c483a5a8,0x00000000c6580000)
 PSPermGen       total 39936K, used 39685K [0x00000000b8000000, 0x00000000ba700000, 0x00000000c2600000)
  object space 39936K, 99% used [0x00000000b8000000,0x00000000ba6c1438,0x00000000ba700000)
GC Heap History (10 events):
Event: 32.968 GC heap after
Heap after GC invocations=9 (full 1):
 PSYoungGen      total 100352K, used 11206K [0x00000000eb700000, 0x00000000f2b80000, 0x0000000100000000)
  eden space 87552K, 0% used [0x00000000eb700000,0x00000000eb700000,0x00000000f0c80000)
  from space 12800K, 87% used [0x00000000f1f00000,0x00000000f29f1b00,0x00000000f2b80000)
  to   space 15872K, 0% used [0x00000000f0c80000,0x00000000f0c80000,0x00000000f1c00000)
 ParOldGen       total 65024K, used 31380K [0x00000000c2600000, 0x00000000c6580000, 0x00000000eb700000)
  object space 65024K, 48% used [0x00000000c2600000,0x00000000c44a5268,0x00000000c6580000)
 PSPermGen       total 38912K, used 38593K [0x00000000b8000000, 0x00000000ba600000, 0x00000000c2600000)
  object space 38912K, 99% used [0x00000000b8000000,0x00000000ba5b07f0,0x00000000ba600000)
}
Event: 46.207 GC heap before
{Heap before GC invocations=10 (full 1):
 PSYoungGen      total 100352K, used 98758K [0x00000000eb700000, 0x00000000f2b80000, 0x0000000100000000)
  eden space 87552K, 100% used [0x00000000eb700000,0x00000000f0c80000,0x00000000f0c80000)
  from space 12800K, 87% used [0x00000000f1f00000,0x00000000f29f1b00,0x00000000f2b80000)
  to   space 15872K, 0% used [0x00000000f0c80000,0x00000000f0c80000,0x00000000f1c00000)
 ParOldGen       total 65024K, used 31380K [0x00000000c2600000, 0x00000000c6580000, 0x00000000eb700000)
  object space 65024K, 48% used [0x00000000c2600000,0x00000000c44a5268,0x00000000c6580000)
 PSPermGen       total 39424K, used 39011K [0x00000000b8000000, 0x00000000ba680000, 0x00000000c2600000)
  object space 39424K, 98% used [0x00000000b8000000,0x00000000ba618d58,0x00000000ba680000)
Event: 46.226 GC heap after
Heap after GC invocations=10 (full 1):
 PSYoungGen      total 103424K, used 4136K [0x00000000eb700000, 0x00000000f4700000, 0x0000000100000000)
  eden space 87552K, 0% used [0x00000000eb700000,0x00000000eb700000,0x00000000f0c80000)
  from space 15872K, 26% used [0x00000000f0c80000,0x00000000f108a0b0,0x00000000f1c00000)
  to   space 15872K, 0% used [0x00000000f3780000,0x00000000f3780000,0x00000000f4700000)
 ParOldGen       total 65024K, used 32340K [0x00000000c2600000, 0x00000000c6580000, 0x00000000eb700000)
  object space 65024K, 49% used [0x00000000c2600000,0x00000000c45952a8,0x00000000c6580000)
 PSPermGen       total 39424K, used 39011K [0x00000000b8000000, 0x00000000ba680000, 0x00000000c2600000)
  object space 39424K, 98% used [0x00000000b8000000,0x00000000ba618d58,0x00000000ba680000)
}
Event: 79.644 GC heap before
{Heap before GC invocations=11 (full 1):
 PSYoungGen      total 103424K, used 91688K [0x00000000eb700000, 0x00000000f4700000, 0x0000000100000000)
  eden space 87552K, 100% used [0x00000000eb700000,0x00000000f0c80000,0x00000000f0c80000)
  from space 15872K, 26% used [0x00000000f0c80000,0x00000000f108a0b0,0x00000000f1c00000)
  to   space 15872K, 0% used [0x00000000f3780000,0x00000000f3780000,0x00000000f4700000)
 ParOldGen       total 65024K, used 32340K [0x00000000c2600000, 0x00000000c6580000, 0x00000000eb700000)
  object space 65024K, 49% used [0x00000000c2600000,0x00000000c45952a8,0x00000000c6580000)
 PSPermGen       total 39424K, used 39242K [0x00000000b8000000, 0x00000000ba680000, 0x00000000c2600000)
  object space 39424K, 99% used [0x00000000b8000000,0x00000000ba652b20,0x00000000ba680000)
Event: 79.666 GC heap after
Heap after GC invocations=11 (full 1):
 PSYoungGen      total 124416K, used 2560K [0x00000000eb700000, 0x00000000f4380000, 0x0000000100000000)
  eden space 112128K, 0% used [0x00000000eb700000,0x00000000eb700000,0x00000000f2480000)
  from space 12288K, 20% used [0x00000000f3780000,0x00000000f3a00020,0x00000000f4380000)
  to   space 15872K, 0% used [0x00000000f2480000,0x00000000f2480000,0x00000000f3400000)
 ParOldGen       total 65024K, used 35049K [0x00000000c2600000, 0x00000000c6580000, 0x00000000eb700000)
  object space 65024K, 53% used [0x00000000c2600000,0x00000000c483a5a8,0x00000000c6580000)
 PSPermGen       total 39424K, used 39242K [0x00000000b8000000, 0x00000000ba680000, 0x00000000c2600000)
  object space 39424K, 99% used [0x00000000b8000000,0x00000000ba652b20,0x00000000ba680000)
}
Event: 193.219 GC heap before
{Heap before GC invocations=12 (full 1):
 PSYoungGen      total 124416K, used 114688K [0x00000000eb700000, 0x00000000f4380000, 0x0000000100000000)
  eden space 112128K, 100% used [0x00000000eb700000,0x00000000f2480000,0x00000000f2480000)
  from space 12288K, 20% used [0x00000000f3780000,0x00000000f3a00020,0x00000000f4380000)
  to   space 15872K, 0% used [0x00000000f2480000,0x00000000f2480000,0x00000000f3400000)
 ParOldGen       total 65024K, used 35049K [0x00000000c2600000, 0x00000000c6580000, 0x00000000eb700000)
  object space 65024K, 53% used [0x00000000c2600000,0x00000000c483a5a8,0x00000000c6580000)
 PSPermGen       total 39424K, used 39368K [0x00000000b8000000, 0x00000000ba680000, 0x00000000c2600000)
  object space 39424K, 99% used [0x00000000b8000000,0x00000000ba672390,0x00000000ba680000)
Event: 193.252 GC heap after
Heap after GC invocations=12 (full 1):
 PSYoungGen      total 128000K, used 3968K [0x00000000eb700000, 0x00000000f5d80000, 0x0000000100000000)
  eden space 112128K, 0% used [0x00000000eb700000,0x00000000eb700000,0x00000000f2480000)
  from space 15872K, 25% used [0x00000000f2480000,0x00000000f2860020,0x00000000f3400000)
  to   space 15872K, 0% used [0x00000000f4e00000,0x00000000f4e00000,0x00000000f5d80000)
 ParOldGen       total 65024K, used 35049K [0x00000000c2600000, 0x00000000c6580000, 0x00000000eb700000)
  object space 65024K, 53% used [0x00000000c2600000,0x00000000c483a5a8,0x00000000c6580000)
 PSPermGen       total 39424K, used 39368K [0x00000000b8000000, 0x00000000ba680000, 0x00000000c2600000)
  object space 39424K, 99% used [0x00000000b8000000,0x00000000ba672390,0x00000000ba680000)
}
Event: 202.008 GC heap before
{Heap before GC invocations=13 (full 1):
 PSYoungGen      total 128000K, used 116096K [0x00000000eb700000, 0x00000000f5d80000, 0x0000000100000000)
  eden space 112128K, 100% used [0x00000000eb700000,0x00000000f2480000,0x00000000f2480000)
  from space 15872K, 25% used [0x00000000f2480000,0x00000000f2860020,0x00000000f3400000)
  to   space 15872K, 0% used [0x00000000f4e00000,0x00000000f4e00000,0x00000000f5d80000)
 ParOldGen       total 65024K, used 35049K [0x00000000c2600000, 0x00000000c6580000, 0x00000000eb700000)
  object space 65024K, 53% used [0x00000000c2600000,0x00000000c483a5a8,0x00000000c6580000)
 PSPermGen       total 39936K, used 39472K [0x00000000b8000000, 0x00000000ba700000, 0x00000000c2600000)
  object space 39936K, 98% used [0x00000000b8000000,0x00000000ba68c360,0x00000000ba700000)
Event: 202.045 GC heap after
Heap after GC invocations=13 (full 1):
 PSYoungGen      total 145408K, used 4896K [0x00000000eb700000, 0x00000000f5880000, 0x0000000100000000)
  eden space 134656K, 0% used [0x00000000eb700000,0x00000000eb700000,0x00000000f3a80000)
  from space 10752K, 45% used [0x00000000f4e00000,0x00000000f52c8020,0x00000000f5880000)
  to   space 15360K, 0% used [0x00000000f3a80000,0x00000000f3a80000,0x00000000f4980000)
 ParOldGen       total 65024K, used 35049K [0x00000000c2600000, 0x00000000c6580000, 0x00000000eb700000)
  object space 65024K, 53% used [0x00000000c2600000,0x00000000c483a5a8,0x00000000c6580000)
 PSPermGen       total 39936K, used 39472K [0x00000000b8000000, 0x00000000ba700000, 0x00000000c2600000)
  object space 39936K, 98% used [0x00000000b8000000,0x00000000ba68c360,0x00000000ba700000)
}
Event: 254.931 GC heap before
{Heap before GC invocations=14 (full 1):
 PSYoungGen      total 145408K, used 139552K [0x00000000eb700000, 0x00000000f5880000, 0x0000000100000000)
  eden space 134656K, 100% used [0x00000000eb700000,0x00000000f3a80000,0x00000000f3a80000)
  from space 10752K, 45% used [0x00000000f4e00000,0x00000000f52c8020,0x00000000f5880000)
  to   space 15360K, 0% used [0x00000000f3a80000,0x00000000f3a80000,0x00000000f4980000)
 ParOldGen       total 65024K, used 35049K [0x00000000c2600000, 0x00000000c6580000, 0x00000000eb700000)
  object space 65024K, 53% used [0x00000000c2600000,0x00000000c483a5a8,0x00000000c6580000)
 PSPermGen       total 39936K, used 39685K [0x00000000b8000000, 0x00000000ba700000, 0x00000000c2600000)
  object space 39936K, 99% used [0x00000000b8000000,0x00000000ba6c1438,0x00000000ba700000)

