# JRE version: OpenJDK Runtime Environment (7.0_79-b14) (build 1.7.0_79-b14)
# Java VM: OpenJDK 64-Bit Server VM (24.79-b02 mixed mode linux-amd64 compressed oops)
Heap
 PSYoungGen      total 74752K, used 20784K [0x00000000ec000000, 0x00000000f1800000, 0x0000000100000000)
  eden space 61440K, 21% used [0x00000000ec000000,0x00000000eccee368,0x00000000efc00000)
  from space 13312K, 56% used [0x00000000f0b00000,0x00000000f125df10,0x00000000f1800000)
  to   space 14336K, 0% used [0x00000000efc00000,0x00000000efc00000,0x00000000f0a00000)
 ParOldGen       total 40960K, used 26963K [0x00000000c4000000, 0x00000000c6800000, 0x00000000ec000000)
  object space 40960K, 65% used [0x00000000c4000000,0x00000000c5a54f20,0x00000000c6800000)
 PSPermGen       total 22016K, used 21554K [0x00000000b9a00000, 0x00000000baf80000, 0x00000000c4000000)
  object space 22016K, 97% used [0x00000000b9a00000,0x00000000baf0cbc0,0x00000000baf80000)
GC Heap History (10 events):
Event: 4.563 GC heap before
{Heap before GC invocations=2 (full 0):
 PSYoungGen      total 17920K, used 17397K [0x00000000ec000000, 0x00000000ed400000, 0x0000000100000000)
  eden space 15360K, 100% used [0x00000000ec000000,0x00000000ecf00000,0x00000000ecf00000)
  from space 2560K, 79% used [0x00000000ecf00000,0x00000000ed0fd760,0x00000000ed180000)
  to   space 2560K, 0% used [0x00000000ed180000,0x00000000ed180000,0x00000000ed400000)
 ParOldGen       total 40960K, used 8K [0x00000000c4000000, 0x00000000c6800000, 0x00000000ec000000)
  object space 40960K, 0% used [0x00000000c4000000,0x00000000c4002000,0x00000000c6800000)
 PSPermGen       total 21504K, used 5594K [0x00000000b9a00000, 0x00000000baf00000, 0x00000000c4000000)
  object space 21504K, 26% used [0x00000000b9a00000,0x00000000b9f76b00,0x00000000baf00000)
Event: 4.752 GC heap after
Heap after GC invocations=2 (full 0):
 PSYoungGen      total 17920K, used 2558K [0x00000000ec000000, 0x00000000ee300000, 0x0000000100000000)
  eden space 15360K, 0% used [0x00000000ec000000,0x00000000ec000000,0x00000000ecf00000)
  from space 2560K, 99% used [0x00000000ed180000,0x00000000ed3ff988,0x00000000ed400000)
  to   space 2560K, 0% used [0x00000000ecf00000,0x00000000ecf00000,0x00000000ed180000)
 ParOldGen       total 40960K, used 13616K [0x00000000c4000000, 0x00000000c6800000, 0x00000000ec000000)
  object space 40960K, 33% used [0x00000000c4000000,0x00000000c4d4c2c8,0x00000000c6800000)
 PSPermGen       total 21504K, used 5594K [0x00000000b9a00000, 0x00000000baf00000, 0x00000000c4000000)
  object space 21504K, 26% used [0x00000000b9a00000,0x00000000b9f76b00,0x00000000baf00000)
}
Event: 6.648 GC heap before
{Heap before GC invocations=3 (full 0):
 PSYoungGen      total 17920K, used 17918K [0x00000000ec000000, 0x00000000ee300000, 0x0000000100000000)
  eden space 15360K, 100% used [0x00000000ec000000,0x00000000ecf00000,0x00000000ecf00000)
  from space 2560K, 99% used [0x00000000ed180000,0x00000000ed3ff988,0x00000000ed400000)
  to   space 2560K, 0% used [0x00000000ecf00000,0x00000000ecf00000,0x00000000ed180000)
 ParOldGen       total 40960K, used 13616K [0x00000000c4000000, 0x00000000c6800000, 0x00000000ec000000)
  object space 40960K, 33% used [0x00000000c4000000,0x00000000c4d4c2c8,0x00000000c6800000)
 PSPermGen       total 21504K, used 7804K [0x00000000b9a00000, 0x00000000baf00000, 0x00000000c4000000)
  object space 21504K, 36% used [0x00000000b9a00000,0x00000000ba19f160,0x00000000baf00000)
Event: 6.670 GC heap after
Heap after GC invocations=3 (full 0):
 PSYoungGen      total 17920K, used 2559K [0x00000000ec000000, 0x00000000ee300000, 0x0000000100000000)
  eden space 15360K, 0% used [0x00000000ec000000,0x00000000ec000000,0x00000000ecf00000)
  from space 2560K, 99% used [0x00000000ecf00000,0x00000000ed17fc50,0x00000000ed180000)
  to   space 2560K, 0% used [0x00000000ee080000,0x00000000ee080000,0x00000000ee300000)
 ParOldGen       total 40960K, used 20866K [0x00000000c4000000, 0x00000000c6800000, 0x00000000ec000000)
  object space 40960K, 50% used [0x00000000c4000000,0x00000000c54608b8,0x00000000c6800000)
 PSPermGen       total 21504K, used 7804K [0x00000000b9a00000, 0x00000000baf00000, 0x00000000c4000000)
  object space 21504K, 36% used [0x00000000b9a00000,0x00000000ba19f160,0x00000000baf00000)
}
Event: 31.737 GC heap before
{Heap before GC invocations=4 (full 0):
 PSYoungGen      total 17920K, used 17919K [0x00000000ec000000, 0x00000000ee300000, 0x0000000100000000)
  eden space 15360K, 100% used [0x00000000ec000000,0x00000000ecf00000,0x00000000ecf00000)
  from space 2560K, 99% used [0x00000000ecf00000,0x00000000ed17fc50,0x00000000ed180000)
  to   space 2560K, 0% used [0x00000000ee080000,0x00000000ee080000,0x00000000ee300000)
 ParOldGen       total 40960K, used 20866K [0x00000000c4000000, 0x00000000c6800000, 0x00000000ec000000)
  object space 40960K, 50% used [0x00000000c4000000,0x00000000c54608b8,0x00000000c6800000)
 PSPermGen       total 21504K, used 11039K [0x00000000b9a00000, 0x00000000baf00000, 0x00000000c4000000)
  object space 21504K, 51% used [0x00000000b9a00000,0x00000000ba4c7eb0,0x00000000baf00000)
Event: 31.984 GC heap after
Heap after GC invocations=4 (full 0):
 PSYoungGen      total 33280K, used 2558K [0x00000000ec000000, 0x00000000ee300000, 0x0000000100000000)
  eden space 30720K, 0% used [0x00000000ec000000,0x00000000ec000000,0x00000000ede00000)
  from space 2560K, 99% used [0x00000000ee080000,0x00000000ee2ff9c8,0x00000000ee300000)
  to   space 2560K, 0% used [0x00000000ede00000,0x00000000ede00000,0x00000000ee080000)
 ParOldGen       total 40960K, used 22653K [0x00000000c4000000, 0x00000000c6800000, 0x00000000ec000000)
  object space 40960K, 55% used [0x00000000c4000000,0x00000000c561f780,0x00000000c6800000)
 PSPermGen       total 21504K, used 11039K [0x00000000b9a00000, 0x00000000baf00000, 0x00000000c4000000)
  object space 21504K, 51% used [0x00000000b9a00000,0x00000000ba4c7eb0,0x00000000baf00000)
}
Event: 91.655 GC heap before
{Heap before GC invocations=5 (full 0):
 PSYoungGen      total 33280K, used 33278K [0x00000000ec000000, 0x00000000ee300000, 0x0000000100000000)
  eden space 30720K, 100% used [0x00000000ec000000,0x00000000ede00000,0x00000000ede00000)
  from space 2560K, 99% used [0x00000000ee080000,0x00000000ee2ff9c8,0x00000000ee300000)
  to   space 2560K, 0% used [0x00000000ede00000,0x00000000ede00000,0x00000000ee080000)
 ParOldGen       total 40960K, used 22653K [0x00000000c4000000, 0x00000000c6800000, 0x00000000ec000000)
  object space 40960K, 55% used [0x00000000c4000000,0x00000000c561f780,0x00000000c6800000)
 PSPermGen       total 21504K, used 15202K [0x00000000b9a00000, 0x00000000baf00000, 0x00000000c4000000)
  object space 21504K, 70% used [0x00000000b9a00000,0x00000000ba8d8a20,0x00000000baf00000)
Event: 91.692 GC heap after
Heap after GC invocations=5 (full 0):
 PSYoungGen      total 33280K, used 2558K [0x00000000ec000000, 0x00000000f1a00000, 0x0000000100000000)
  eden space 30720K, 0% used [0x00000000ec000000,0x00000000ec000000,0x00000000ede00000)
  from space 2560K, 99% used [0x00000000ede00000,0x00000000ee07f968,0x00000000ee080000)
  to   space 15360K, 0% used [0x00000000f0b00000,0x00000000f0b00000,0x00000000f1a00000)
 ParOldGen       total 40960K, used 26963K [0x00000000c4000000, 0x00000000c6800000, 0x00000000ec000000)
  object space 40960K, 65% used [0x00000000c4000000,0x00000000c5a54f20,0x00000000c6800000)
 PSPermGen       total 21504K, used 15202K [0x00000000b9a00000, 0x00000000baf00000, 0x00000000c4000000)
  object space 21504K, 70% used [0x00000000b9a00000,0x00000000ba8d8a20,0x00000000baf00000)
}
Event: 98.589 GC heap before
{Heap before GC invocations=6 (full 0):
 PSYoungGen      total 33280K, used 33278K [0x00000000ec000000, 0x00000000f1a00000, 0x0000000100000000)
  eden space 30720K, 100% used [0x00000000ec000000,0x00000000ede00000,0x00000000ede00000)
  from space 2560K, 99% used [0x00000000ede00000,0x00000000ee07f968,0x00000000ee080000)
  to   space 15360K, 0% used [0x00000000f0b00000,0x00000000f0b00000,0x00000000f1a00000)
 ParOldGen       total 40960K, used 26963K [0x00000000c4000000, 0x00000000c6800000, 0x00000000ec000000)
  object space 40960K, 65% used [0x00000000c4000000,0x00000000c5a54f20,0x00000000c6800000)
 PSPermGen       total 21504K, used 20274K [0x00000000b9a00000, 0x00000000baf00000, 0x00000000c4000000)
  object space 21504K, 94% used [0x00000000b9a00000,0x00000000badcc920,0x00000000baf00000)
Event: 98.607 GC heap after
Heap after GC invocations=6 (full 0):
 PSYoungGen      total 74752K, used 7543K [0x00000000ec000000, 0x00000000f1800000, 0x0000000100000000)
  eden space 61440K, 0% used [0x00000000ec000000,0x00000000ec000000,0x00000000efc00000)
  from space 13312K, 56% used [0x00000000f0b00000,0x00000000f125df10,0x00000000f1800000)
  to   space 14336K, 0% used [0x00000000efc00000,0x00000000efc00000,0x00000000f0a00000)
 ParOldGen       total 40960K, used 26963K [0x00000000c4000000, 0x00000000c6800000, 0x00000000ec000000)
  object space 40960K, 65% used [0x00000000c4000000,0x00000000c5a54f20,0x00000000c6800000)
 PSPermGen       total 21504K, used 20274K [0x00000000b9a00000, 0x00000000baf00000, 0x00000000c4000000)
  object space 21504K, 94% used [0x00000000b9a00000,0x00000000badcc920,0x00000000baf00000)
}

